Job launching after 0.14 seconds in submission.
Running python job.
Changed into dir /home/masters/joe/deep-motion-analysis/gait_classification/joe_keras_work/experiments/2_LSTM
Importing 2LSTM-sm.py
Using Theano backend.
Traceback (most recent call last):
  File "/home/masters/jonathan/Spearmint/spearmint/launcher.py", line 243, in launch
    result = python_launcher(job)
  File "/home/masters/jonathan/Spearmint/spearmint/launcher.py", line 325, in python_launcher
    module  = __import__(main_file)
  File "/home/masters/joe/deep-motion-analysis/gait_classification/joe_keras_work/experiments/2_LSTM/2LSTM-sm.py", line 7, in <module>
    from keras.models import Sequential
  File "/usr/local/lib/python2.7/dist-packages/keras/__init__.py", line 2, in <module>
    from . import backend
  File "/usr/local/lib/python2.7/dist-packages/keras/backend/__init__.py", line 56, in <module>
    from .theano_backend import *
  File "/usr/local/lib/python2.7/dist-packages/keras/backend/theano_backend.py", line 1, in <module>
    import theano
  File "/usr/local/lib/python2.7/dist-packages/theano/__init__.py", line 103, in <module>
    import theano.sandbox.cuda
  File "/usr/local/lib/python2.7/dist-packages/theano/sandbox/cuda/__init__.py", line 697, in <module>
    use(device=config.device, force=config.force_device, test_driver=False)
  File "/usr/local/lib/python2.7/dist-packages/theano/sandbox/cuda/__init__.py", line 581, in use
    if dnn_available():
  File "/usr/local/lib/python2.7/dist-packages/theano/sandbox/cuda/__init__.py", line 322, in dnn_available
    v = dnn_version()
  File "/usr/local/lib/python2.7/dist-packages/theano/sandbox/cuda/__init__.py", line 412, in dnn_version
    profile=False)
  File "/usr/local/lib/python2.7/dist-packages/theano/compile/function.py", line 320, in function
    output_keys=output_keys)
  File "/usr/local/lib/python2.7/dist-packages/theano/compile/pfunc.py", line 479, in pfunc
    output_keys=output_keys)
  File "/usr/local/lib/python2.7/dist-packages/theano/compile/function_module.py", line 1777, in orig_function
    defaults)
  File "/usr/local/lib/python2.7/dist-packages/theano/compile/function_module.py", line 1641, in create
    input_storage=input_storage_lists, storage_map=storage_map)
  File "/usr/local/lib/python2.7/dist-packages/theano/gof/link.py", line 690, in make_thunk
    storage_map=storage_map)[:3]
  File "/usr/local/lib/python2.7/dist-packages/theano/gof/vm.py", line 1003, in make_all
    no_recycling))
  File "/usr/local/lib/python2.7/dist-packages/theano/sandbox/cuda/__init__.py", line 256, in make_thunk
    compute_map, no_recycling)
  File "/usr/local/lib/python2.7/dist-packages/theano/gof/op.py", line 970, in make_thunk
    no_recycling)
  File "/usr/local/lib/python2.7/dist-packages/theano/gof/op.py", line 879, in make_c_thunk
    output_storage=node_output_storage)
  File "/usr/local/lib/python2.7/dist-packages/theano/gof/cc.py", line 1200, in make_thunk
    keep_lock=keep_lock)
  File "/usr/local/lib/python2.7/dist-packages/theano/gof/cc.py", line 1143, in __compile__
    keep_lock=keep_lock)
  File "/usr/local/lib/python2.7/dist-packages/theano/gof/cc.py", line 1594, in cthunk_factory
    module = get_module_cache().module_from_key(
  File "/usr/local/lib/python2.7/dist-packages/theano/gof/cc.py", line 48, in get_module_cache
    return cmodule.get_module_cache(config.compiledir, init_args=init_args)
  File "/usr/local/lib/python2.7/dist-packages/theano/gof/cmodule.py", line 1516, in get_module_cache
    _module_cache = ModuleCache(dirname, **init_args)
  File "/usr/local/lib/python2.7/dist-packages/theano/gof/cmodule.py", line 657, in __init__
    self.refresh()
  File "/usr/local/lib/python2.7/dist-packages/theano/gof/cmodule.py", line 773, in refresh
    key_data = pickle.load(f)
  File "/usr/local/lib/python2.7/dist-packages/theano/gof/op.py", line 789, in __new__
    def __new__(cls, *args, **kwargs):
KeyboardInterrupt
Problem executing the function
Job failed in 4.01 seconds.
(<type 'exceptions.KeyboardInterrupt'>, KeyboardInterrupt(), <traceback object at 0x7f75851edab8>)
